  GameState.cpp
e:\gng\gng\gng\gamestate.cpp(107): warning C4244: 'argument': conversion from 'int' to 'float', possible loss of data
e:\gng\gng\gng\gamestate.cpp(111): warning C4244: '=': conversion from 'double' to 'int', possible loss of data
e:\gng\gng\gng\gamestate.cpp(113): warning C4244: 'argument': conversion from 'int' to 'float', possible loss of data
e:\gng\gng\gng\gamestate.cpp(119): warning C4244: 'argument': conversion from 'double' to 'float', possible loss of data
e:\gng\gng\gng\gamestate.cpp(128): warning C4244: 'initializing': conversion from 'float' to 'int', possible loss of data
e:\gng\gng\gng\gamestate.cpp(129): warning C4244: 'argument': conversion from 'double' to 'float', possible loss of data
e:\gng\gng\gng\gamestate.cpp(138): warning C4244: 'initializing': conversion from 'float' to 'int', possible loss of data
e:\gng\gng\gng\gamestate.cpp(139): warning C4244: 'argument': conversion from 'double' to 'float', possible loss of data
e:\gng\gng\gng\gamestate.cpp(148): warning C4244: 'initializing': conversion from 'float' to 'int', possible loss of data
e:\gng\gng\gng\gamestate.cpp(149): warning C4244: 'argument': conversion from 'double' to 'float', possible loss of data
e:\gng\gng\gng\gamestate.cpp(149): warning C4244: 'argument': conversion from 'int' to 'float', possible loss of data
e:\gng\gng\gng\gamestate.cpp(160): warning C4244: 'initializing': conversion from 'float' to 'int', possible loss of data
e:\gng\gng\gng\gamestate.cpp(161): warning C4244: 'argument': conversion from 'double' to 'float', possible loss of data
e:\gng\gng\gng\gamestate.cpp(169): warning C4244: 'initializing': conversion from 'float' to 'int', possible loss of data
e:\gng\gng\gng\gamestate.cpp(170): warning C4244: 'argument': conversion from 'double' to 'float', possible loss of data
e:\gng\gng\gng\gamestate.cpp(178): warning C4244: 'initializing': conversion from 'float' to 'int', possible loss of data
e:\gng\gng\gng\gamestate.cpp(179): warning C4244: 'argument': conversion from 'double' to 'float', possible loss of data
e:\gng\gng\gng\gamestate.cpp(228): warning C4018: '<': signed/unsigned mismatch
e:\gng\gng\gng\gamestate.cpp(230): warning C4018: '<': signed/unsigned mismatch
e:\gng\gng\gng\gamestate.cpp(232): warning C4018: '<': signed/unsigned mismatch
e:\gng\gng\gng\gamestate.cpp(234): warning C4018: '<': signed/unsigned mismatch
e:\gng\gng\gng\gamestate.cpp(235): warning C4018: '<': signed/unsigned mismatch
e:\gng\gng\gng\gamestate.cpp(258): warning C4018: '<': signed/unsigned mismatch
e:\gng\gng\gng\gamestate.cpp(280): warning C4018: '<': signed/unsigned mismatch
  GNG.vcxproj -> E:\GNG\GNG\Debug\GNG.exe
